20:28:01.639 > ets Jun  8 2016 00:22:57
20:28:01.643 > 
20:28:01.643 > rst:0x1 (POWERON_RESET),boot:0x13 (SPI_FAST_FLASH_BOOT)
20:28:01.648 > configsip: 0, SPIWP:0xee
20:28:01.649 > clk_drv:0x00,q_drv:0x00,d_drv:0x00,cs0_drv:0x00,hd_drv:0x00,wp_drv:0x00
20:28:01.657 > mode:DIO, clock div:2
20:28:01.658 > load:0x3fff0018,len:4
20:28:01.660 > load:0x3fff001c,len:1044
20:28:01.662 > load:0x40078000,len:10124
20:28:01.665 > load:0x40080400,len:5828
20:28:01.665 > entry 0x400806a8
20:28:02.017 > 
20:28:02.018 > 
20:28:02.019 > ----Listing files after format----
20:28:02.124 > FILE: /icons.zip
20:28:02.127 > FILE: /test.txt
20:28:02.186 > Test
20:28:02.188 > <<<<<<< free heap memory *1* 365784 >>>>>>>>
20:28:02.440 > Global comment: 32x32 icon collection in Windows BMP format
20:28:02.447 > Files in this archive:
20:28:02.451 > 42 4D 36 8 0 0 0 0 0 0 36 4 0 0 28 0 0 0 20 0 0 0 20 0 0 0 1 0 8 0 0 0 0 0 0 4 0 0 0 0 0 0 0 0 0 0 0 1 0 0 0 0 0 0 0 0 0 0 FF FF FF 0 FC 0 FC 0 C0 94 80 0 C8 9C 88 0 CC A0 8C 0 D8 AC 94 0 DC AC 94 0 C8 98 84 0 B8 90 7C 0 CC 9C 88 0 D8 A8 94 0 DC B0 9C 0 E0 B8 A8 0 D4 A4 90 0 E4 B4 A0 0 E8 B8 A0 0 E4 B4 9C 0 CC A0 88 0 DC B4 9C 0 EC D4 C8 0 E4 C4 B4 0 D8 B8 A8 0 FC FC FC 0 EC CC B8 0 D8 A8 90 0 E0 BC AC 0 E4 C0 B0 0 F4 E4 DC 0 F0 E0 D8 0 D4 A8 90 0 F4 F4 F4 0 FC F0 E4 0 E4 C8 B4 0 E8 C8 B8 0 E8 CC C0 0 EC D0 C4 0 F4 EC E4 0 E8 CC BC 0 C0 94 84 0 D0 D0 D0 0 C0 90 7C 0 FC F4 E8 0 FC F0 E8 0 DC C0 B0 0 B8 8C 78 0 E0 BC A8 0 F0 D8 D0 0 F0 DC D4 0 F0 E0 D4 0 F4 E8 E0 0 F0 E4 DC 0 E0 C0 B0 0 B4 88 78 0 B8 A8 A0 0 CC CC CC 0 B0 84 70 0 FC F8 F0 0 FC F4 EC 0 D4 BC AC 0 94 6C 5C 0 AC 84 74 0 C8 A0 8C 0 D4 B0 9C 0 E4 C8 B8 0 DC BC AC 0 CC A8 94 0 AC 84 70 0 94 68 5C 0 A0 84 78 0 A8 94 88 0 B8 A0 94 0 FC FC F8 0 A0 78 64 0 90 64 54 0 D4 B4 A8 0 B8 94 88 0 A4 7C 6C 0 94 68 58 0 A4 84 78 0 BC A4 9C 0 DC D0 CC 0 90 68 58 0 CC C8 C8 0 E4 E0 E0 0 FC F8 F8 0 F4 DC D0 0 F8 E8 E0 0 FC F0 EC 0 F4 F0 F0 0 94 70 60 0 CC C8 C4 0 F8 F4 F0 0 FC F8 F4 0 D8 BC B0 0 E0 D8 D4 0 98 74 64 0 AC 94 88 0 D0 B4 A8 0 D4 B8 A8 0 B8 98 88 0 C0 A4 9C 0 DC D4 D0 0 C4 94 80 0 F0 EC E8 0 A4 88 7C 0 CC C8 C0 0 A8 80 74 0 B0 DC E0 0 64 E0 F8 0 70 E4 F8 0 C4 F0 F8 0 AC 90 84 0 A8 90 84 0 C4 AC A0 0 BC 90 7C 0 A0 78 68 0 A8 C8 C8 0 94 E4 F4 0 D0 CC CC 0 A0 7C 70 0 C4 B8 B0 0 E0 D8 D0 0 9C 74 64 0 D0 B4 A4 0 E0 DC D8 0 F4 E8 E4 0 D8 C8 C0 0 9C 78 6C 0 C0 B0 A4 0 E0 D4 CC 0 B4 88 74 0 A4 80 70 0 F4 E0 D8 0 F8 F4 F4 0 AC 8C 80 0 A8 90 88 0 E4 C8 BC 0 F8 EC E4 0 EC E8 E4 0 CC C0 B8 0 F4 E8 DC 0 AC 80 6C 0 B8 94 84 0 BC A4 98 0 B8 A8 98 0 D8 CC C0 0 FC EC E0 0 A8 7C 6C 0 D8 BC AC 0 B8 F0 F0 0 84 F8 FC 0 B0 F4 F8 0 E0 D4 D0 0 A4 84 74 0 CC C0 B4 0 FC EC DC 0 A4 78 68 0 90 64 58 0 D8 EC E4 0 80 F8 FC 0 78 F8 FC 0 98 F8 FC 0 F0 FC FC 0 CC BC B0 0 E8 D8 CC 0 A0 74 64 0 D4 E0 DC 0 DC FC FC 0 E0 FC FC 0 74 F0 FC 0 84 F4 FC 0 90 68 54 0 D0 B8 A8 0 E4 D8 C4 0 FC EC D8 0 9C 70 60 0 9C E8 F4 0 B8 F4 FC 0 68 E4 F8 0 6C E4 F8 0 C4 F4 FC 0 D0 B8 A4 0 FC E8 D8 0 98 6C 5C 0 DC AC 98 0 D8 F4 F8 0 94 E8 F8 0 60 DC F8 0 9C C8 CC 0 D8 AC 98 0 94 6C 58 0 E0 B8 A4 0 DC B4 A4 0 E0 EC EC 0 8C D8 E4 0 6C DC F4 0 70 E0 F4 0 88 D8 E8 0 A0 98 94 0 D8 B4 A0 0 7C 58 4C 0 AC 80 70 0 EC D8 CC 0 F0 D8 CC 0 CC AC 9C 0 A8 84 74 0 98 70 60 0 C8 A4 94 0 B0 8C 78 0 E8 D0 C4 0 A8 80 6C 0 74 50 44 0 B0 88 78 0 D0 B0 A4 0 E4 CC C0 0 EC D8 D0 0 6C 4C 40 0 88 60 50 0 8C 64 54 0 8C 60 54 0 80 5C 4C 0 70 50 44 0 FE 0 FE 0 C2 96 82 0 CA 9C 88 0 CE A0 8C 0 DA AC 96 0 DC AE 96 0 C8 9A 84 0 BA 90 7E 0 CC 9E 88 0 DA AA 94 0 DE B2 9C 0 E0 BA A8 0 D4 A6 90 0 E6 B6 A0 0 E4 B6 9E 0 CE A0 8A 0 DE B2 9E 0 DE B4 9E 0 EC D6 CA 0 E6 C6 B6 0 DA B8 A8 0 FE FE FE 0 EC CE BA 0 D8 AA 94 0 D8 A8 92 0 E2 BE AC 0 E4 C2 B0 0 E6 C4 B4 0 F4 E4 DE 0 F2 E2 D8 0 D6 AA 92 0 F6 F6 F6 0 FC F2 E6 0 DF DF DF DF DF DF DF DF DF DF DF DF DF DF DF DF DF DF DF DF DF DF DF DF DF DF DF DF DF DF DF DF DF DF DF DF DF DF DF DF DF DF DF DF DF DF DF DF DF DF DF DF DF DF DF DF DF DF DF DF DF DF DF DF DF DF DF DF DF DF DF DA DB 52 52 52 52 DB DD DE DF DF DF DF DF DF DF DF DF DF DF DF DF DF DF DF DF DF DF DF DF 52 D1 7C D7 2F 30 30 2F D7 7C D1 52 DE DF DF DF DF DF DF DF DF DF DF DF DF DF DF DF DF DF DF D1 D2 CC 14 14 14 14 14 14 14 14 14 34 8E D4 DF DF DF DF DF DF DF DF DF DF DF DF DF DF DF DF 38 22 CC 2F CD 3D B0 52 52 B0 3D 42 22 22 F8 CA DF DF DF DF DF DF DF DF DF DF DF DF DF DF DF DF 1E EA C1 47 C2 C3 C4 6D 6D C5 C6 C7 74 C1 EA EB DD 4E 4E 4E 4E 4E 4E 4E 4E 4E 4E DF DF DF DF DF F6 E4 B8 BA 1 BB 6D 6D 6D 6D 6D 6D BD B8 E4 BE 28 1 1 1 1 1 1 1 1 1 3C DF DF DF DF DF DF E4 52 B1 1 B2 B3 B3 B3 B3 B3 B4 B5 52 E4 63 A4 AF AF AF AF AF AF AF AF 1 B0 DF DF DF DF DF DF DF 52 A7 A8 A9 AA AA AA AA AB A9 F4 4E AD A4 AE 9C 9C 9C 9C 9C 9C 9C 9C 1 7B DF DF DF DF DF DF DF 52 14 9F F4 A0 A1 A1 A2 A3 1 59 3C 9B A5 9C 9C 9C 9C 9C 9C 9C 9C 9C 1 49 DF DF DF DF DF DF DF 52 5E 56 FE 96 97 98 17 1 1 5F 4F 9B 93 93 93 93 93 93 93 93 93 93 1 9D DF DF DF DF DF DF DF DF 4C 56 1C 8A 57 3A F4 1 1 50 50 92 20 20 20 20 20 20 20 20 20 20 1 94 DF DF DF DF DF DF DF DF 3C 23 56 8A 57 3A F4 1 68 4F 8C 8D 20 20 20 20 20 20 20 20 20 20 1 CA DF DF DF DF DF DF DF DF DF 6B 14 85 57 3A F4 86 70 46 72 63 63 63 63 63 63 63 63 63 FF FF 1 38 DF DF DF DF DF DF DF DF DF DF 74 4B 7D 7E 7F 78 81 7A 2A 2A 2A 2A 2A 2A 2A 2A 2A 2A 2A 2A 1 83 DF DF DF DF DF DF DF DF DF DF 74 75 6D 76 77 78 79 7A 2A 2A 2A 2A 2A 2A 2A 2A 2A 2A 2A 2A 1 2D DF DF DF DF DF DF DF DF DF 6B 6C 6D 6D 6D 6E 6F 61 46 72 63 63 63 63 63 63 63 63 63 3A 3A 1 73 DF DF DF DF DF DF DF DF CF 23 56 56 57 3A F4 1 68 69 5B 25 39 39 39 39 39 39 39 39 39 39 1 3 DF DF DF DF DF DF DF DF 64 56 56 56 57 3A F4 1 1 65 36 66 39 39 39 39 39 39 39 39 39 39 1 E0 DF DF DF DF DF DF DF 52 2C 56 56 56 57 3A F4 1 1 5F 60 61 63 63 63 63 63 63 63 63 5D 5D 1 E5 DF DF DF DF DF DF DF 52 14 56 56 56 57 3A F4 1 1 59 CF 53 5C 48 48 48 48 48 48 48 48 48 1 E7 DF DF DF DF DF DF DF 52 4B 64 84 3C 52 52 3C 4F 50 51 44 53 54 48 48 48 48 48 48 48 48 48 1 E2 DF DF DF DF DF DF DF 3C 3D 3E 3F 15 26 24 22 41 42 38 3C 4F 61 47 17 17 17 17 9D 9D 9D 9D 9D 9D DF DF DF DF DF DF 2D E3 F8 26 14 2F 30 31 1D FC 32 1C F9 2D 36 37 F4 F4 F4 F4 83 39 39 3A 95 2D DF DF DF DF DF E0 F0 26 24 24 24 24 24 24 24 24 14 32 8A 23 E0 28 1 1 1 1 3 3A 2A 2C E0 DF DF DF DF DF DF B F8 F9 F9 F9 F9 F9 F9 F9 F9 F9 F9 F2 FB FC F6 FE 1 1 1 1 E2 FF 21 5 DF DF DF DF DF DF DF E2 EF F0 F0 F0 F0 F0 F0 F0 F0 F0 F0 F0 F1 F2 F3 1 1 1 1 1 E4 F5 6 DF DF DF DF DF DF DF DF DF E7 E8 E4 E4 E4 E4 E4 E4 E4 E4 E4 E9 2E 1E EC EC EC EC EC EC 10 ED DF DF DF DF DF DF DF DF DF DF DF DF E0 E1 E2 E3 E4 E4 E3 E2 E5 E6 DF DF DF DF DF DF DF DF DF DF DF DF DF DF DF DF DF DF DF DF DF DF DF DF DF DF DF DF DF DF DF DF DF DF DF DF DF DF DF DF DF DF DF DF DF DF DF DF DF DF DF DF DF DF DF DF DF DF DF DF DF DF DF DF DF DF DF DF DF DF DF DF DF DF DF DF DF DF DF DF history.bmp - 1284/2102
20:28:02.970 > home.bmp - 1470/2102
20:28:02.972 > import camera.bmp - 1514/2102
20:28:02.974 > import scanner.bmp - 1307/2102
20:28:02.977 > import.bmp - 1256/2102
20:28:02.979 > increase indent.bmp - 462/2102
20:28:02.982 > increase.bmp - 1279/2102
20:28:02.984 > insert table.bmp - 908/2102
20:28:02.987 > insert.bmp - 922/2102
20:28:02.989 > italic.bmp - 549/2102
20:28:02.991 > key.bmp - 1271/2102
20:28:02.993 > ************************************
20:28:02.997 > <<<<<<< free heap memory *3* 313272 >>>>>>>>
20:28:03.187 > UNZIP library demo - open a zip file from FLASH
20:28:03.192 > <<<<<<< free heap memory *2* 363660 >>>>>>>>
